SweetEnglish/proguard/seeds.txt
com.todpop.sweetenglish.AlamReceiver
com.todpop.sweetenglish.AlamReceiver: AlamReceiver()
com.todpop.sweetenglish.AlarmActivity
com.todpop.sweetenglish.AlarmActivity: AlarmActivity()
com.todpop.sweetenglish.AlarmActivity: void onClickClose(android.view.View)
com.todpop.sweetenglish.AlarmActivity: void onClickStart(android.view.View)
com.todpop.sweetenglish.HomeActivity
com.todpop.sweetenglish.HomeActivity: HomeActivity()
com.todpop.sweetenglish.HomeActivity: void onClickDrawer(android.view.View)
com.todpop.sweetenglish.HomeActivity: void onClickFAQ(android.view.View)
com.todpop.sweetenglish.HomeActivity: void onClickUserImg(android.view.View)
com.todpop.sweetenglish.HomeActivity: void onClickWordBook(android.view.View)
com.todpop.sweetenglish.HomeActivity: void onClickStudy(android.view.View)
com.todpop.sweetenglish.HomeMoreContact
com.todpop.sweetenglish.HomeMoreContact: HomeMoreContact()
com.todpop.sweetenglish.HomeMoreContact: void onClickBack(android.view.View)
com.todpop.sweetenglish.HomeMoreFAQ
com.todpop.sweetenglish.HomeMoreFAQ: HomeMoreFAQ()
com.todpop.sweetenglish.HomeMoreFAQ: void onClickBack(android.view.View)
com.todpop.sweetenglish.HomeMoreGoal
com.todpop.sweetenglish.HomeMoreGoal: HomeMoreGoal()
com.todpop.sweetenglish.HomeMoreGoal: void addGoal(android.view.View)
com.todpop.sweetenglish.HomeMoreGoal: void subGoal(android.view.View)
com.todpop.sweetenglish.HomeMoreGoal: void onClickBack(android.view.View)
com.todpop.sweetenglish.HomeMoreGoal: void setGoal(android.view.View)
com.todpop.sweetenglish.HomeMoreLockerBackgroundSetting
com.todpop.sweetenglish.HomeMoreLockerBackgroundSetting: HomeMoreLockerBackgroundSetting()
com.todpop.sweetenglish.HomeMoreLockerBackgroundSetting: void setSimpleBackground(android.view.View)
com.todpop.sweetenglish.HomeMoreLockerBackgroundSetting: void onClickCameraRoll(android.view.View)
com.todpop.sweetenglish.HomeMoreLockerBackgroundSetting: void onClickBack(android.view.View)
com.todpop.sweetenglish.HomeMoreLockerSetting
com.todpop.sweetenglish.HomeMoreLockerSetting: HomeMoreLockerSetting()
com.todpop.sweetenglish.HomeMoreLockerSetting: void onClickSetBackground(android.view.View)
com.todpop.sweetenglish.HomeMoreLockerSetting: void onClickSetWord(android.view.View)
com.todpop.sweetenglish.HomeMoreLockerSetting: void onClickBack(android.view.View)
com.todpop.sweetenglish.HomeMoreLockerWordSetting
com.todpop.sweetenglish.HomeMoreLockerWordSetting: HomeMoreLockerWordSetting()
com.todpop.sweetenglish.HomeMoreLockerWordSetting: void onClickBack(android.view.View)
com.todpop.sweetenglish.HomeMoreNotice
com.todpop.sweetenglish.HomeMoreNotice: HomeMoreNotice()
com.todpop.sweetenglish.HomeMoreNotice: void onClickBack(android.view.View)
com.todpop.sweetenglish.HomeMoreSetting
com.todpop.sweetenglish.HomeMoreSetting: HomeMoreSetting()
com.todpop.sweetenglish.HomeMoreSetting: void setMyPicture(android.view.View)
com.todpop.sweetenglish.HomeMoreSetting: void setAlarmTime(android.view.View)
com.todpop.sweetenglish.HomeMoreSetting: void initStudyInfo(android.view.View)
com.todpop.sweetenglish.HomeMoreSetting: void saveSetting(android.view.View)
com.todpop.sweetenglish.HomeMoreSetting: void onClickBack(android.view.View)
com.todpop.sweetenglish.HomeWordListGroup
com.todpop.sweetenglish.HomeWordListGroup: HomeWordListGroup()
com.todpop.sweetenglish.HomeWordListGroup: void addNewGroup(android.view.View)
com.todpop.sweetenglish.HomeWordListGroup: void editGroup(android.view.View)
com.todpop.sweetenglish.HomeWordListGroup: void delGroup(android.view.View)
com.todpop.sweetenglish.HomeWordListGroup: void onClickBack(android.view.View)
...
com.google.android.gms.games.multiplayer.realtime.Room
com.google.android.gms.games.multiplayer.realtime.RoomEntity
com.google.android.gms.games.multiplayer.realtime.RoomEntity: android.os.Parcelable$Creator CREATOR
com.google.android.gms.games.multiplayer.realtime.RoomRef
com.google.android.gms.games.multiplayer.turnbased.TurnBasedMatch
com.google.android.gms.games.multiplayer.turnbased.TurnBasedMatchEntity
com.google.android.gms.games.multiplayer.turnbased.TurnBasedMatchEntity: com.google.android.gms.games.multiplayer.turnbased.TurnBasedMatchEntityCreator CREATOR
com.google.android.gms.games.multiplayer.turnbased.TurnBasedMatchRef
com.google.android.gms.games.quest.Milestone
com.google.android.gms.games.quest.MilestoneEntity
com.google.android.gms.games.quest.MilestoneEntity: com.google.android.gms.games.quest.MilestoneEntityCreator CREATOR
com.google.android.gms.games.quest.MilestoneRef
com.google.android.gms.games.quest.Quest
com.google.android.gms.games.quest.QuestEntity
com.google.android.gms.games.quest.QuestEntity: com.google.android.gms.games.quest.QuestEntityCreator CREATOR
com.google.android.gms.games.quest.QuestRef
com.google.android.gms.games.request.GameRequest
com.google.android.gms.games.request.GameRequestEntity
com.google.android.gms.games.request.GameRequestEntity: com.google.android.gms.games.request.GameRequestEntityCreator CREATOR
com.google.android.gms.games.request.GameRequestRef
com.google.android.gms.games.snapshot.Snapshot
com.google.android.gms.games.snapshot.SnapshotEntity
com.google.android.gms.games.snapshot.SnapshotEntity: com.google.android.gms.games.snapshot.SnapshotEntityCreator CREATOR
com.google.android.gms.games.snapshot.SnapshotMetadata
com.google.android.gms.games.snapshot.SnapshotMetadataChange
com.google.android.gms.games.snapshot.SnapshotMetadataChange: com.google.android.gms.games.snapshot.SnapshotMetadataChangeCreator CREATOR
com.google.android.gms.games.snapshot.SnapshotMetadataEntity
com.google.android.gms.games.snapshot.SnapshotMetadataEntity: com.google.android.gms.games.snapshot.SnapshotMetadataEntityCreator CREATOR
com.google.android.gms.games.snapshot.SnapshotMetadataRef
com.google.android.gms.identity.intents.UserAddressRequest
com.google.android.gms.identity.intents.UserAddressRequest: android.os.Parcelable$Creator CREATOR
com.google.android.gms.identity.intents.model.CountrySpecification
com.google.android.gms.identity.intents.model.CountrySpecification: android.os.Parcelable$Creator CREATOR
com.google.android.gms.identity.intents.model.UserAddress
com.google.android.gms.identity.intents.model.UserAddress: android.os.Parcelable$Creator CREATOR
com.google.android.gms.internal.a: com.google.android.gms.internal.a[] values()
com.google.android.gms.internal.a: com.google.android.gms.internal.a valueOf(java.lang.String)
com.google.android.gms.internal.aj
com.google.android.gms.internal.aj: com.google.android.gms.internal.ak CREATOR
com.google.android.gms.internal.am
com.google.android.gms.internal.am: com.google.android.gms.internal.an CREATOR
com.google.android.gms.internal.ax
com.google.android.gms.internal.ax: com.google.android.gms.internal.ay CREATOR
com.google.android.gms.internal.b: com.google.android.gms.internal.b[] values()
com.google.android.gms.internal.b: com.google.android.gms.internal.b valueOf(java.lang.String)
com.google.android.gms.internal.cf
com.google.android.gms.internal.cf: com.google.android.gms.internal.ce CREATOR
com.google.android.gms.internal.ci
com.google.android.gms.internal.ci: com.google.android.gms.internal.ch CREATOR
com.google.android.gms.internal.cr
com.google.android.gms.internal.cr: com.google.android.gms.internal.cq CREATOR
com.google.android.gms.internal.dt
com.google.android.gms.internal.dt: com.google.android.gms.internal.du CREATOR
com.google.android.gms.internal.dv
com.google.android.gms.internal.dv: com.google.android.gms.internal.dw CREATOR