SweetEnglish/proguard/mapping.txt
com.todpop.sweetenglish.AlamReceiver -> com.todpop.sweetenglish.AlamReceiver:
    void onReceive(android.content.Context,android.content.Intent) -> onReceive
com.todpop.sweetenglish.AlarmActivity -> com.todpop.sweetenglish.AlarmActivity:
    void onCreate(android.os.Bundle) -> onCreate
    void onStart() -> onStart
    void onStop() -> onStop
    void onClickClose(android.view.View) -> onClickClose
    void onClickStart(android.view.View) -> onClickStart
com.todpop.sweetenglish.HomeActivity -> com.todpop.sweetenglish.HomeActivity:
    android.support.v4.widget.DrawerLayout drawerLayout -> d
    android.widget.ListView drawerMenu -> e
    java.lang.String userNick -> f
    int userLevel -> g
    android.widget.TextView attendanceText -> h
    android.widget.TextView memorizeText -> i
    android.widget.TextView goalText -> j
    com.todpop.sweetenglish.db.WordDBHelper dbHelper -> k
    android.database.sqlite.SQLiteDatabase db -> l
    java.util.ArrayList progressList -> m
    int weekMemorized -> n
    int handlerCnt -> o
    com.todpop.api.KakaoObject kakaoObj -> p
    android.content.SharedPreferences userInfo -> a
    android.content.SharedPreferences studyInfo -> b
    android.widget.PopupWindow exitPopup -> q
    android.widget.PopupWindow updatePopup -> r
    boolean isMajor -> s
    android.os.Handler progressHandler -> c
    void onCreate(android.os.Bundle) -> onCreate
    void onResume() -> onResume
    void onStart() -> onStart
    void onStop() -> onStop
    void onPause() -> onPause
    java.lang.String getDate(int) -> b
    void onClickDrawer(android.view.View) -> onClickDrawer
    void onClickFAQ(android.view.View) -> onClickFAQ
    void onClickUserImg(android.view.View) -> onClickUserImg
    void onClickWordBook(android.view.View) -> onClickWordBook
    void onClickStudy(android.view.View) -> onClickStudy
    void setContinuousStudyPercentage() -> f
    void setMemorizePercentage() -> g
com.todpop.sweetenglish.HomeActivity$1 -> com.todpop.sweetenglish.a:
    com.todpop.sweetenglish.HomeActivity this$0 -> a
    void handleMessage(android.os.Message) -> handleMessage
com.todpop.sweetenglish.HomeActivity$2 -> com.todpop.sweetenglish.b:
    com.todpop.sweetenglish.HomeActivity this$0 -> a
    void onClick(android.view.View) -> onClick
com.todpop.sweetenglish.HomeActivity$3 -> com.todpop.sweetenglish.c:
    com.todpop.sweetenglish.HomeActivity this$0 -> a
    void run() -> run
com.todpop.sweetenglish.HomeActivity$4 -> com.todpop.sweetenglish.d:
    com.todpop.sweetenglish.HomeActivity this$0 -> a
    void onClick(android.view.View) -> onClick
com.todpop.sweetenglish.HomeActivity$HomeDrawerItemClickListener -> com.todpop.sweetenglish.e:
    com.todpop.sweetenglish.HomeActivity this$0 -> a
    void onItemClick(android.widget.AdapterView,android.view.View,int,long) -> onItemClick
com.todpop.sweetenglish.HomeActivity$NoticeHandler -> com.todpop.sweetenglish.f:
    void handleMessage(android.os.Message) -> handleMessage
com.todpop.sweetenglish.HomeDrawerAdapter -> com.todpop.sweetenglish.g:
    android.content.Context context -> a
    com.todpop.sweetenglish.HomeDrawerAdapter$ViewHolder viewHolder -> b
    android.view.LayoutInflater inflater -> c
    java.lang.String userId -> d
    int userLv -> e
    int getCount() -> getCount
    java.lang.Object getItem(int) -> getItem
    long getItemId(int) -> getItemId
    android.view.View getView(int,android.view.View,android.view.ViewGroup) -> getView
com.todpop.sweetenglish.HomeDrawerAdapter$ViewHolder -> com.todpop.sweetenglish.h:
    android.widget.ImageView img -> a
    android.widget.TextView userId -> b
    android.widget.TextView userLv -> c
    com.todpop.sweetenglish.HomeDrawerAdapter this$0 -> d
com.todpop.sweetenglish.HomeMoreContact -> com.todpop.sweetenglish.HomeMoreContact:
    void onCreate(android.os.Bundle) -> onCreate
    void onStart() -> onStart
    void onStop() -> onStop
    void onClickBack(android.view.View) -> onClickBack
...
com.google.android.gms.drive.internal.ListParentsRequest -> com.google.android.gms.drive.internal.ListParentsRequest:
    android.os.Parcelable$Creator CREATOR -> CREATOR
    int xJ -> a
    com.google.android.gms.drive.DriveId Jo -> b
    int describeContents() -> describeContents
    void writeToParcel(android.os.Parcel,int) -> writeToParcel
com.google.android.gms.drive.internal.LoadRealtimeRequest -> com.google.android.gms.drive.internal.LoadRealtimeRequest:
    android.os.Parcelable$Creator CREATOR -> CREATOR
    int xJ -> a
    com.google.android.gms.drive.DriveId Hw -> b
    boolean Jp -> c
    int describeContents() -> describeContents
    void writeToParcel(android.os.Parcel,int) -> writeToParcel
com.google.android.gms.drive.internal.OnContentsResponse -> com.google.android.gms.drive.internal.OnContentsResponse:
    android.os.Parcelable$Creator CREATOR -> CREATOR
    int xJ -> a
    com.google.android.gms.drive.Contents HD -> b
    int describeContents() -> describeContents
    void writeToParcel(android.os.Parcel,int) -> writeToParcel
com.google.android.gms.drive.internal.OnDownloadProgressResponse -> com.google.android.gms.drive.internal.OnDownloadProgressResponse:
    android.os.Parcelable$Creator CREATOR -> CREATOR
    int xJ -> a
    long Jt -> b
    long Ju -> c
    int describeContents() -> describeContents
    void writeToParcel(android.os.Parcel,int) -> writeToParcel
com.google.android.gms.drive.internal.OnDriveIdResponse -> com.google.android.gms.drive.internal.OnDriveIdResponse:
    android.os.Parcelable$Creator CREATOR -> CREATOR
    int xJ -> a
    com.google.android.gms.drive.DriveId Ir -> b
    int describeContents() -> describeContents
    void writeToParcel(android.os.Parcel,int) -> writeToParcel
com.google.android.gms.drive.internal.OnEventResponse -> com.google.android.gms.drive.internal.OnEventResponse:
    android.os.Parcelable$Creator CREATOR -> CREATOR
    int xJ -> a
    int In -> b
    com.google.android.gms.drive.events.ChangeEvent Jv -> c
    com.google.android.gms.drive.events.FileConflictEvent Jw -> d
    int describeContents() -> describeContents
    void writeToParcel(android.os.Parcel,int) -> writeToParcel
com.google.android.gms.drive.internal.OnListEntriesResponse -> com.google.android.gms.drive.internal.OnListEntriesResponse:
    android.os.Parcelable$Creator CREATOR -> CREATOR
    int xJ -> a
    com.google.android.gms.common.data.DataHolder Jx -> b
    boolean IM -> c
    int describeContents() -> describeContents
    void writeToParcel(android.os.Parcel,int) -> writeToParcel
com.google.android.gms.drive.internal.OnListParentsResponse -> com.google.android.gms.drive.internal.OnListParentsResponse:
    android.os.Parcelable$Creator CREATOR -> CREATOR
    int xJ -> a
    com.google.android.gms.common.data.DataHolder Jy -> b
    int describeContents() -> describeContents
    void writeToParcel(android.os.Parcel,int) -> writeToParcel
com.google.android.gms.drive.internal.OnLoadRealtimeResponse -> com.google.android.gms.drive.internal.OnLoadRealtimeResponse:
    android.os.Parcelable$Creator CREATOR -> CREATOR
    int xJ -> a
    boolean Jz -> b
    int describeContents() -> describeContents
    void writeToParcel(android.os.Parcel,int) -> writeToParcel
com.google.android.gms.drive.internal.OnMetadataResponse -> com.google.android.gms.drive.internal.OnMetadataResponse:
    android.os.Parcelable$Creator CREATOR -> CREATOR
    int xJ -> a
    com.google.android.gms.drive.metadata.internal.MetadataBundle IA -> b
    int describeContents() -> describeContents
    void writeToParcel(android.os.Parcel,int) -> writeToParcel