SweetEnglish/proguard/usage.txt
com.todpop.sweetenglish.BuildConfig
com.todpop.sweetenglish.HomeActivity:
    private static final int IS_MAJOR_UPDATE
    private static final int IS_MINOR_UPDATE
com.todpop.sweetenglish.HomeMoreLockerBackgroundSetting:
    private static final int PICK_FROM_ALBUM
com.todpop.sweetenglish.HomeMoreSetting:
    private static final int PICK_FROM_CAMERA
    private static final int PICK_FROM_ALBUM
    private static final int CROP_FROM_CAMERA
com.todpop.sweetenglish.HomeWordListRenewal$HomeWordViewItem:
    509:514:HomeWordListRenewal$HomeWordViewItem(com.todpop.sweetenglish.HomeWordListRenewal,java.lang.String,java.lang.String)
com.todpop.sweetenglish.LockScreenReceiver:
    42:43:public void reenableKeyguard()
com.todpop.sweetenglish.R
com.todpop.sweetenglish.R$anim
com.todpop.sweetenglish.R$attr
com.todpop.sweetenglish.R$color
com.todpop.sweetenglish.R$drawable
com.todpop.sweetenglish.R$id
com.todpop.sweetenglish.R$integer
com.todpop.sweetenglish.R$layout
com.todpop.sweetenglish.R$string
com.todpop.sweetenglish.R$style
com.todpop.sweetenglish.R$styleable
com.todpop.sweetenglish.R$xml
com.todpop.sweetenglish.StudyBeginWord:
    78:79:public void setEngWord(java.lang.String)
    86:87:public void setKorWord(java.lang.String)
    94:95:public void setEngExample(java.lang.String)
    102:103:public void setKorExample(java.lang.String)
    110:111:public void setPhonetics(java.lang.String)
    118:119:public void setImgUrl(java.lang.String)
    126:127:public void setVoiceVer(java.lang.String)
com.todpop.sweetenglish.StudyLevel:
    com.todpop.sweetenglish.StudyLevel$LevelFragment levelFragment
    android.os.Bundle bundle
    android.content.SharedPreferences checkStageIsNew
com.todpop.sweetenglish.StudyTest10:
    private static final boolean LEFT
    private static final boolean RIGHT
    com.todpop.api.request.DownloadAndPlayPronounce pronounce
com.todpop.sweetenglish.StudyTest369:
    private static final boolean LEFT
    private static final boolean RIGHT
com.todpop.sweetenglish.StudyTestInfinite:
    private static final boolean LEFT
    private static final boolean RIGHT
    com.todpop.api.request.DownloadAndPlayPronounce pronounce
com.todpop.sweetenglish.StudyTestResult:
    com.todpop.api.LoadingDialog loadingDialog
com.todpop.sweetenglish.SweetEnglish:
    private static final java.lang.String PROPERTY_ID
...
com.google.android.gms.internal.ck$a
com.google.android.gms.internal.ck$a$1
com.google.android.gms.internal.cl
com.google.android.gms.internal.cm:
    public abstract void T()
com.google.android.gms.internal.cn
com.google.android.gms.internal.cn$a
com.google.android.gms.internal.co
com.google.android.gms.internal.co$a
com.google.android.gms.internal.co$a$a
com.google.android.gms.internal.cp
com.google.android.gms.internal.cp$a
com.google.android.gms.internal.cp$a$a
com.google.android.gms.internal.cr:
    public static void a(android.content.Intent,com.google.android.gms.internal.cr)
    public static com.google.android.gms.internal.cr b(android.content.Intent)
    public cr(com.google.android.gms.internal.dc,com.google.android.gms.internal.dh,com.google.android.gms.internal.da,android.content.Context)
com.google.android.gms.internal.cs
com.google.android.gms.internal.ct
com.google.android.gms.internal.ct$1
com.google.android.gms.internal.cu
com.google.android.gms.internal.cv
com.google.android.gms.internal.cw
com.google.android.gms.internal.cx
com.google.android.gms.internal.cy
com.google.android.gms.internal.cy$a
com.google.android.gms.internal.cz
com.google.android.gms.internal.d
com.google.android.gms.internal.d$a
com.google.android.gms.internal.da:
    private final java.lang.String mx
    public da(java.lang.String)
    public java.lang.String bh()
    public boolean a(java.lang.String,int,android.content.Intent)
com.google.android.gms.internal.db
com.google.android.gms.internal.dc:
    public abstract java.lang.String getProductId()
    public abstract void recordResolution(int)
    public abstract void recordPlayBillingResolution(int)
com.google.android.gms.internal.dc$a
com.google.android.gms.internal.dc$a$a
com.google.android.gms.internal.dd
com.google.android.gms.internal.dd$a
com.google.android.gms.internal.dd$a$a
com.google.android.gms.internal.de
com.google.android.gms.internal.de$a
com.google.android.gms.internal.de$a$a
com.google.android.gms.internal.df
com.google.android.gms.internal.df$a
com.google.android.gms.internal.df$a$a
com.google.android.gms.internal.dg
com.google.android.gms.internal.dg$a
com.google.android.gms.internal.dg$a$a
com.google.android.gms.internal.dh:
    public abstract boolean isValidPurchase(java.lang.String)
    public abstract void a(com.google.android.gms.internal.dg)
com.google.android.gms.internal.dh$a
com.google.android.gms.internal.dh$a$a
com.google.android.gms.internal.di
com.google.android.gms.internal.dj
com.google.android.gms.internal.dj$a
com.google.android.gms.internal.dk
com.google.android.gms.internal.dl
com.google.android.gms.internal.dm
com.google.android.gms.internal.dn
com.google.android.gms.internal.dn$a
com.google.android.gms.internal.do
com.google.android.gms.internal.do$1
com.google.android.gms.internal.do$2
com.google.android.gms.internal.do$3
com.google.android.gms.internal.do$4
com.google.android.gms.internal.do$a
com.google.android.gms.internal.dp
com.google.android.gms.internal.dp$a
com.google.android.gms.internal.dq
com.google.android.gms.internal.dq$a
com.google.android.gms.internal.dr
com.google.android.gms.internal.dr$a
com.google.android.gms.internal.dr$b
com.google.android.gms.internal.ds
com.google.android.gms.internal.dt:
    public dt(android.os.Bundle,com.google.android.gms.internal.aj,com.google.android.gms.internal.am,java.lang.String,android.content.pm.ApplicationInfo,android.content.pm.PackageInfo,java.lang.String,java.lang.String,java.lang.String,com.google.android.gms.internal.ew,android.os.Bundle)
    public dt(com.google.android.gms.internal.dt$a,java.lang.String)
com.google.android.gms.internal.dt$a